0 info it worked if it ends with ok
1 verbose cli [ '/usr/local/bin/node', '/usr/local/bin/npm', 'start' ]
2 info using npm@3.10.10
3 info using node@v6.11.3
4 verbose run-script [ 'prestart', 'start', 'poststart' ]
5 info lifecycle userprofiles@1.0.0~prestart: userprofiles@1.0.0
6 silly lifecycle userprofiles@1.0.0~prestart: no script for prestart, continuing
7 info lifecycle userprofiles@1.0.0~start: userprofiles@1.0.0
8 verbose lifecycle userprofiles@1.0.0~start: unsafe-perm in lifecycle true
9 verbose lifecycle userprofiles@1.0.0~start: PATH: /usr/local/lib/node_modules/npm/bin/node-gyp-bin:/Users/vishyoo/Documents/office/microsoft/git/repos/app-service-api-node-profiles/UserProfiles/node_modules/.bin:/Users/vishyoo/anaconda/bin:/anaconda/bin:/usr/local/bin:/Users/vishyoo/rrsync.sh:/Users/vishyoo/clv.sh:/Users/vishyoo/anaconda/bin:/anaconda/bin:/usr/local/bin:/Users/vishyoo/rrsync.sh:/Users/vishyoo/clv.sh:/Users/vishyoo/anaconda/bin:/anaconda/bin:/usr/local/bin:/Users/vishyoo/rrsync.sh:/Users/vishyoo/clv.sh:/Users/vishyoo/anaconda/bin:/anaconda/bin:/usr/local/bin:/Users/vishyoo/rrsync.sh:/Users/vishyoo/clv.sh:/usr/local/bin:/usr/bin:/bin:/usr/sbin:/sbin:/Users/vishyoo:/bin/:/opt/local/bin:/opt/local/sbin:/Users/vishyoo/Documents/personal/edu/hbase/hbase-0.98.7-hadoop2/bin/:.::/usr/local/bin/scala:/usr/local/bin:/Users/vishyoo/rrsync.sh:/Users/vishyoo/clv.sh:/usr/local/bin:/usr/bin:/bin:/usr/sbin:/sbin:/Users/vishyoo:/bin/:/opt/local/bin:/opt/local/sbin:/Users/vishyoo/Documents/personal/edu/hbase/hbase-0.98.7-hadoop2/bin/:.:/bin:/Users/vishyoo/Documents/personal/spark/spark-1.6.0/spark-1.6.0-bin-hadoop2.6/bin:/Users/vishyoo/Documents/personal/aws/awsstudy/terraform_0.6.14_darwin_amd64:/Users/vishyoo:/bin/:/opt/local/bin:/opt/local/sbin:/Users/vishyoo/Documents/personal/edu/hbase/hbase-0.98.7-hadoop2/bin/:.::/usr/local/bin/scala:/usr/local/bin:/Users/vishyoo/rrsync.sh:/Users/vishyoo/clv.sh:/Users/vishyoo/anaconda/bin:/anaconda/bin:/usr/local/bin:/Users/vishyoo/rrsync.sh:/Users/vishyoo/clv.sh:/usr/local/bin:/usr/bin:/bin:/usr/sbin:/sbin:/Users/vishyoo:/bin/:/opt/local/bin:/opt/local/sbin:/Users/vishyoo/Documents/personal/edu/hbase/hbase-0.98.7-hadoop2/bin/:.::/usr/local/bin/scala:/usr/local/bin:/Users/vishyoo/rrsync.sh:/Users/vishyoo/clv.sh:/usr/local/bin:/usr/bin:/bin:/usr/sbin:/sbin:/Users/vishyoo:/bin/:/opt/local/bin:/opt/local/sbin:/Users/vishyoo/Documents/personal/edu/hbase/hbase-0.98.7-hadoop2/bin/:.:/bin:/Users/vishyoo/Documents/personal/spark/spark-1.6.0/spark-1.6.0-bin-hadoop2.6/bin:/Users/vishyoo/Documents/personal/aws/awsstudy/terraform_0.6.14_darwin_amd64:/Users/vishyoo:/bin/:/opt/local/bin:/opt/local/sbin:/Users/vishyoo/Documents/personal/edu/hbase/hbase-0.98.7-hadoop2/bin/:.:/bin:/Users/vishyoo/Documents/personal/spark/spark-1.6.0/spark-1.6.0-bin-hadoop2.6/bin:/Users/vishyoo/Documents/personal/aws/awsstudy/terraform_0.6.14_darwin_amd64:/Users/vishyoo:/bin/:/opt/local/bin:/opt/local/sbin:/Users/vishyoo/Documents/personal/edu/hbase/hbase-0.98.7-hadoop2/bin/:.::/usr/local/bin/scala:/usr/local/bin:/Users/vishyoo/rrsync.sh:/Users/vishyoo/clv.sh:/Users/vishyoo/anaconda/bin:/anaconda/bin:/usr/local/bin:/Users/vishyoo/rrsync.sh:/Users/vishyoo/clv.sh:/Users/vishyoo/anaconda/bin:/anaconda/bin:/usr/local/bin:/Users/vishyoo/rrsync.sh:/Users/vishyoo/clv.sh:/usr/local/bin:/usr/bin:/bin:/usr/sbin:/sbin:/Users/vishyoo:/bin/:/opt/local/bin:/opt/local/sbin:/Users/vishyoo/Documents/personal/edu/hbase/hbase-0.98.7-hadoop2/bin/:.::/usr/local/bin/scala:/usr/local/bin:/Users/vishyoo/rrsync.sh:/Users/vishyoo/clv.sh:/usr/local/bin:/usr/bin:/bin:/usr/sbin:/sbin:/Users/vishyoo:/bin/:/opt/local/bin:/opt/local/sbin:/Users/vishyoo/Documents/personal/edu/hbase/hbase-0.98.7-hadoop2/bin/:.:/bin:/Users/vishyoo/Documents/personal/spark/spark-1.6.0/spark-1.6.0-bin-hadoop2.6/bin:/Users/vishyoo/Documents/personal/aws/awsstudy/terraform_0.6.14_darwin_amd64:/Users/vishyoo:/bin/:/opt/local/bin:/opt/local/sbin:/Users/vishyoo/Documents/personal/edu/hbase/hbase-0.98.7-hadoop2/bin/:.::/usr/local/bin/scala:/usr/local/bin:/Users/vishyoo/rrsync.sh:/Users/vishyoo/clv.sh:/Users/vishyoo/anaconda/bin:/anaconda/bin:/usr/local/bin:/Users/vishyoo/rrsync.sh:/Users/vishyoo/clv.sh:/usr/local/bin:/usr/bin:/bin:/usr/sbin:/sbin:/Users/vishyoo:/bin/:/opt/local/bin:/opt/local/sbin:/Users/vishyoo/Documents/personal/edu/hbase/hbase-0.98.7-hadoop2/bin/:.::/usr/local/bin/scala:/usr/local/bin:/Users/vishyoo/rrsync.sh:/Users/vishyoo/clv.sh:/usr/local/bin:/usr/bin:/bin:/usr/sbin:/sbin:/Users/vishyoo:/bin/:/opt/local/bin:/opt/local/sbin:/Users/vishyoo/Documents/personal/edu/hbase/hbase-0.98.7-hadoop2/bin/:.:/bin:/Users/vishyoo/Documents/personal/spark/spark-1.6.0/spark-1.6.0-bin-hadoop2.6/bin:/Users/vishyoo/Documents/personal/aws/awsstudy/terraform_0.6.14_darwin_amd64:/Users/vishyoo:/bin/:/opt/local/bin:/opt/local/sbin:/Users/vishyoo/Documents/personal/edu/hbase/hbase-0.98.7-hadoop2/bin/:.:/bin:/Users/vishyoo/Documents/personal/spark/spark-1.6.0/spark-1.6.0-bin-hadoop2.6/bin:/Users/vishyoo/Documents/personal/aws/awsstudy/terraform_0.6.14_darwin_amd64:/Users/vishyoo:/bin/:/opt/local/bin:/opt/local/sbin:/Users/vishyoo/Documents/personal/edu/hbase/hbase-0.98.7-hadoop2/bin/:.:/bin:/Users/vishyoo/Documents/personal/spark/spark-1.6.0/spark-1.6.0-bin-hadoop2.6/bin:/Users/vishyoo/Documents/personal/aws/awsstudy/terraform_0.6.14_darwin_amd64:/Users/vishyoo:/bin/:/opt/local/bin:/opt/local/sbin:/Users/vishyoo/Documents/personal/edu/hbase/hbase-0.98.7-hadoop2/bin/:.::/usr/local/bin/scala:/usr/local/bin:/Users/vishyoo/rrsync.sh:/Users/vishyoo/clv.sh:/Users/vishyoo/anaconda/bin:/anaconda/bin:/usr/local/bin:/Users/vishyoo/rrsync.sh:/Users/vishyoo/clv.sh:/Users/vishyoo/anaconda/bin:/anaconda/bin:/usr/local/bin:/Users/vishyoo/rrsync.sh:/Users/vishyoo/clv.sh:/Users/vishyoo/anaconda/bin:/anaconda/bin:/usr/local/bin:/Users/vishyoo/rrsync.sh:/Users/vishyoo/clv.sh:/usr/local/bin:/usr/bin:/bin:/usr/sbin:/sbin:/Users/vishyoo:/bin/:/opt/local/bin:/opt/local/sbin:/Users/vishyoo/Documents/personal/edu/hbase/hbase-0.98.7-hadoop2/bin/:.::/usr/local/bin/scala:/usr/local/bin:/Users/vishyoo/rrsync.sh:/Users/vishyoo/clv.sh:/usr/local/bin:/usr/bin:/bin:/usr/sbin:/sbin:/Users/vishyoo:/bin/:/opt/local/bin:/opt/local/sbin:/Users/vishyoo/Documents/personal/edu/hbase/hbase-0.98.7-hadoop2/bin/:.:/bin:/Users/vishyoo/Documents/personal/spark/spark-1.6.0/spark-1.6.0-bin-hadoop2.6/bin:/Users/vishyoo/Documents/personal/aws/awsstudy/terraform_0.6.14_darwin_amd64:/Users/vishyoo:/bin/:/opt/local/bin:/opt/local/sbin:/Users/vishyoo/Documents/personal/edu/hbase/hbase-0.98.7-hadoop2/bin/:.::/usr/local/bin/scala:/usr/local/bin:/Users/vishyoo/rrsync.sh:/Users/vishyoo/clv.sh:/Users/vishyoo/anaconda/bin:/anaconda/bin:/usr/local/bin:/Users/vishyoo/rrsync.sh:/Users/vishyoo/clv.sh:/usr/local/bin:/usr/bin:/bin:/usr/sbin:/sbin:/Users/vishyoo:/bin/:/opt/local/bin:/opt/local/sbin:/Users/vishyoo/Documents/personal/edu/hbase/hbase-0.98.7-hadoop2/bin/:.::/usr/local/bin/scala:/usr/local/bin:/Users/vishyoo/rrsync.sh:/Users/vishyoo/clv.sh:/usr/local/bin:/usr/bin:/bin:/usr/sbin:/sbin:/Users/vishyoo:/bin/:/opt/local/bin:/opt/local/sbin:/Users/vishyoo/Documents/personal/edu/hbase/hbase-0.98.7-hadoop2/bin/:.:/bin:/Users/vishyoo/Documents/personal/spark/spark-1.6.0/spark-1.6.0-bin-hadoop2.6/bin:/Users/vishyoo/Documents/personal/aws/awsstudy/terraform_0.6.14_darwin_amd64:/Users/vishyoo:/bin/:/opt/local/bin:/opt/local/sbin:/Users/vishyoo/Documents/personal/edu/hbase/hbase-0.98.7-hadoop2/bin/:.:/bin:/Users/vishyoo/Documents/personal/spark/spark-1.6.0/spark-1.6.0-bin-hadoop2.6/bin:/Users/vishyoo/Documents/personal/aws/awsstudy/terraform_0.6.14_darwin_amd64:/Users/vishyoo:/bin/:/opt/local/bin:/opt/local/sbin:/Users/vishyoo/Documents/personal/edu/hbase/hbase-0.98.7-hadoop2/bin/:.::/usr/local/bin/scala:/usr/local/bin:/Users/vishyoo/rrsync.sh:/Users/vishyoo/clv.sh:/Users/vishyoo/anaconda/bin:/anaconda/bin:/usr/local/bin:/Users/vishyoo/rrsync.sh:/Users/vishyoo/clv.sh:/Users/vishyoo/anaconda/bin:/anaconda/bin:/usr/local/bin:/Users/vishyoo/rrsync.sh:/Users/vishyoo/clv.sh:/usr/local/bin:/usr/bin:/bin:/usr/sbin:/sbin:/Users/vishyoo:/bin/:/opt/local/bin:/opt/local/sbin:/Users/vishyoo/Documents/personal/edu/hbase/hbase-0.98.7-hadoop2/bin/:.::/usr/local/bin/scala:/usr/local/bin:/Users/vishyoo/rrsync.sh:/Users/vishyoo/clv.sh:/usr/local/bin:/usr/bin:/bin:/usr/sbin:/sbin:/Users/vishyoo:/bin/:/opt/local/bin:/opt/local/sbin:/Users/vishyoo/Documents/personal/edu/hbase/hbase-0.98.7-hadoop2/bin/:.:/bin:/Users/vishyoo/Documents/personal/spark/spark-1.6.0/spark-1.6.0-bin-hadoop2.6/bin:/Users/vishyoo/Documents/personal/aws/awsstudy/terraform_0.6.14_darwin_amd64:/Users/vishyoo:/bin/:/opt/local/bin:/opt/local/sbin:/Users/vishyoo/Documents/personal/edu/hbase/hbase-0.98.7-hadoop2/bin/:.::/usr/local/bin/scala:/usr/local/bin:/Users/vishyoo/rrsync.sh:/Users/vishyoo/clv.sh:/Users/vishyoo/anaconda/bin:/anaconda/bin:/usr/local/bin:/Users/vishyoo/rrsync.sh:/Users/vishyoo/clv.sh:/usr/local/bin:/usr/bin:/bin:/usr/sbin:/sbin:/Users/vishyoo:/bin/:/opt/local/bin:/opt/local/sbin:/Users/vishyoo/Documents/personal/edu/hbase/hbase-0.98.7-hadoop2/bin/:.::/usr/local/bin/scala:/usr/local/bin:/Users/vishyoo/rrsync.sh:/Users/vishyoo/clv.sh:/usr/local/bin:/usr/bin:/bin:/usr/sbin:/sbin:/Users/vishyoo:/bin/:/opt/local/bin:/opt/local/sbin:/Users/vishyoo/Documents/personal/edu/hbase/hbase-0.98.7-hadoop2/bin/:.:/bin:/Users/vishyoo/Documents/personal/spark/spark-1.6.0/spark-1.6.0-bin-hadoop2.6/bin:/Users/vishyoo/Documents/personal/aws/awsstudy/terraform_0.6.14_darwin_amd64:/Users/vishyoo:/bin/:/opt/local/bin:/opt/local/sbin:/Users/vishyoo/Documents/personal/edu/hbase/hbase-0.98.7-hadoop2/bin/:.:/bin:/Users/vishyoo/Documents/personal/spark/spark-1.6.0/spark-1.6.0-bin-hadoop2.6/bin:/Users/vishyoo/Documents/personal/aws/awsstudy/terraform_0.6.14_darwin_amd64:/Users/vishyoo:/bin/:/opt/local/bin:/opt/local/sbin:/Users/vishyoo/Documents/personal/edu/hbase/hbase-0.98.7-hadoop2/bin/:.:/bin:/Users/vishyoo/Documents/personal/spark/spark-1.6.0/spark-1.6.0-bin-hadoop2.6/bin:/Users/vishyoo/Documents/personal/aws/awsstudy/terraform_0.6.14_darwin_amd64:/Users/vishyoo:/bin/:/opt/local/bin:/opt/local/sbin:/Users/vishyoo/Documents/personal/edu/hbase/hbase-0.98.7-hadoop2/bin/:.:/bin:/Users/vishyoo/Documents/personal/spark/spark-1.6.0/spark-1.6.0-bin-hadoop2.6/bin:/Users/vishyoo/Documents/personal/aws/awsstudy/terraform_0.6.14_darwin_amd64
10 verbose lifecycle userprofiles@1.0.0~start: CWD: /Users/vishyoo/Documents/office/microsoft/git/repos/app-service-api-node-profiles/UserProfiles
11 silly lifecycle userprofiles@1.0.0~start: Args: [ '-c', 'node server.js' ]
12 silly lifecycle userprofiles@1.0.0~start: Returned: code: 1  signal: null
13 info lifecycle userprofiles@1.0.0~start: Failed to exec start script
14 verbose stack Error: userprofiles@1.0.0 start: `node server.js`
14 verbose stack Exit status 1
14 verbose stack     at EventEmitter.<anonymous> (/usr/local/lib/node_modules/npm/lib/utils/lifecycle.js:255:16)
14 verbose stack     at emitTwo (events.js:106:13)
14 verbose stack     at EventEmitter.emit (events.js:191:7)
14 verbose stack     at ChildProcess.<anonymous> (/usr/local/lib/node_modules/npm/lib/utils/spawn.js:40:14)
14 verbose stack     at emitTwo (events.js:106:13)
14 verbose stack     at ChildProcess.emit (events.js:191:7)
14 verbose stack     at maybeClose (internal/child_process.js:920:16)
14 verbose stack     at Process.ChildProcess._handle.onexit (internal/child_process.js:230:5)
15 verbose pkgid userprofiles@1.0.0
16 verbose cwd /Users/vishyoo/Documents/office/microsoft/git/repos/app-service-api-node-profiles/UserProfiles
17 error Darwin 16.7.0
18 error argv "/usr/local/bin/node" "/usr/local/bin/npm" "start"
19 error node v6.11.3
20 error npm  v3.10.10
21 error code ELIFECYCLE
22 error userprofiles@1.0.0 start: `node server.js`
22 error Exit status 1
23 error Failed at the userprofiles@1.0.0 start script 'node server.js'.
23 error Make sure you have the latest version of node.js and npm installed.
23 error If you do, this is most likely a problem with the userprofiles package,
23 error not with npm itself.
23 error Tell the author that this fails on your system:
23 error     node server.js
23 error You can get information on how to open an issue for this project with:
23 error     npm bugs userprofiles
23 error Or if that isn't available, you can get their info via:
23 error     npm owner ls userprofiles
23 error There is likely additional logging output above.
24 verbose exit [ 1, true ]
